2023-12-19 13:04:46,282 - INFO - 红色月亮-半片海洋 信息写入csv文件完毕，保存路径: C:\Users\chengyi.luo\Desktop\weibo-crawler\weibo\users.csv
2023-12-19 13:04:46,283 - INFO - 准备搜集 红色月亮-半片海洋 的微博
2023-12-19 13:04:46,759 - INFO - 已获取用户 红色月亮-半片海洋 的微博，内容为 新疆！新疆！新疆！
今夜，我不关心世界杯，我只牵挂你 
2023-12-19 13:04:47,194 - INFO - 已获取用户 红色月亮-半片海洋 的微博，内容为 转发微博
2023-12-19 13:04:47,194 - INFO - 已获取用户 红色月亮-半片海洋 的微博，内容为 码住
2023-12-19 13:04:47,195 - INFO - 已获取用户 红色月亮-半片海洋 的微博，内容为 微信翻译也太强了吧
2023-12-19 13:04:47,198 - INFO - 已获取用户 红色月亮-半片海洋 的微博，内容为 转发微博
2023-12-19 13:04:47,576 - INFO - 已获取用户 红色月亮-半片海洋 的微博，内容为 转发微博
2023-12-19 13:04:47,577 - INFO - 已获取用户 红色月亮-半片海洋 的微博，内容为 评论呢
2023-12-19 13:04:47,578 - INFO - 已获取用户 红色月亮-半片海洋 的微博，内容为 转发微博
2023-12-19 13:04:47,578 - INFO - ------------------------------已获取红色月亮-半片海洋(2143512610)的第1页微博------------------------------
2023-12-19 13:04:47,581 - INFO - 8条微博写入csv文件完毕,保存路径:
2023-12-19 13:04:47,581 - INFO - C:\Users\chengyi.luo\Desktop\weibo-crawler\weibo\红色月亮-半片海洋\2143512610.csv
2023-12-19 13:04:47,581 - INFO - 即将进行原创微博图片下载
2023-12-19 13:04:47,583 - INFO - 原创微博图片下载完毕,保存路径:
2023-12-19 13:04:47,583 - INFO - C:\Users\chengyi.luo\Desktop\weibo-crawler\weibo\红色月亮-半片海洋\img\原创微博图片
2023-12-19 13:04:47,583 - INFO - 即将进行原创微博视频下载
2023-12-19 13:04:47,585 - INFO - 原创微博视频下载完毕,保存路径:
2023-12-19 13:04:47,585 - INFO - C:\Users\chengyi.luo\Desktop\weibo-crawler\weibo\红色月亮-半片海洋\video\原创微博视频
2023-12-19 13:04:47,585 - INFO - 微博爬取完成，共爬取8条微博
2023-12-19 13:04:47,585 - INFO - 信息抓取完毕
2023-12-19 13:04:47,585 - INFO - ****************************************************************************************************
2023-12-19 13:07:42,010 - INFO - 池面烧酒 信息写入csv文件完毕，保存路径: C:\Users\chengyi.luo\Desktop\weibo-crawler\weibo\users.csv
2023-12-19 13:07:42,021 - INFO - 准备搜集 池面烧酒 的微博
2023-12-19 13:07:42,540 - INFO - 已获取用户 池面烧酒 的微博，内容为 我快24岁了。虽然现在还会被问是不是学生。我知道，这种情况会随时间发生的越来越少，直到有一天，我被所有人“确认”不再年轻。
最后一次被叫“小姑娘”的机会会在什么时候用完呢？其实我并不怕那一刻的到来，对未来我一直充满信心。就算八十岁也想开心大笑，为此努力一辈子吧！ 
2023-12-19 13:07:42,540 - INFO - 已获取用户 池面烧酒 的微博，内容为 日子有盼头了 
好，好好！ 
2023-12-19 13:07:42,541 - INFO - 已获取用户 池面烧酒 的微博，内容为 貼圖遊戲 
2023-12-19 13:07:42,541 - INFO - 已获取用户 池面烧酒 的微博，内容为 走点运
 
2023-12-19 13:07:42,542 - INFO - 已获取用户 池面烧酒 的微博，内容为 巴啦啦能量 
2023-12-19 13:08:23,151 - INFO - 已获取用户 池面烧酒 的微博，内容为 躺在床上翻了很久的相册，发现这个夏天虽然很难过，但也很难忘。
毕业那天和嘉嘉他们寝室拍了很多照片，周老师还帮我夹学士帽，也是在那一天，我鼓起勇气和电宝和好。
在电宝短暂的小家里，我和她躺在床上吹空调，聊了很多很多天。她帮我化妆还给我穿她的小裙子，我很开心，虽然那天晚上还是哭了。带她 ...
全文
2023-12-19 13:08:23,152 - INFO - 已获取用户 池面烧酒 的微博，内容为 明 天 不 用 去 公 司 
 
2023-12-19 13:08:23,153 - INFO - 已获取用户 池面烧酒 的微博，内容为 坐在虚湖边 
2023-12-19 13:08:23,153 - INFO - ------------------------------已获取池面烧酒(5540415892)的第1页微博------------------------------
2023-12-19 13:08:23,917 - INFO - 已获取用户 池面烧酒 的微博，内容为 Repost
2023-12-19 13:08:23,917 - INFO - 已获取用户 池面烧酒 的微博，内容为 Share with pics 
2023-12-19 13:08:23,918 - INFO - 已获取用户 池面烧酒 的微博，内容为 Share with pics 
2023-12-19 13:08:23,918 - INFO - 已获取用户 池面烧酒 的微博，内容为 完了 dy怎么这么好看 我要变女同了
 
池面烧酒的微博视频
 
2023-12-19 13:08:23,919 - INFO - 已获取用户 池面烧酒 的微博，内容为 赞美会点三分糖的好领导
 
2023-12-19 13:08:23,919 - INFO - 已获取用户 池面烧酒 的微博，内容为 心生出那些念头的我，沉默的胆小鬼。 
2023-12-19 13:08:23,919 - INFO - 已获取用户 池面烧酒 的微博，内容为 娘一下
 
2023-12-19 13:08:23,920 - INFO - ------------------------------已获取池面烧酒(5540415892)的第2页微博------------------------------
2023-12-19 13:08:24,307 - INFO - 已获取用户 池面烧酒 的微博，内容为 女大来噜 
2023-12-19 13:08:24,308 - INFO - 已获取用户 池面烧酒 的微博，内容为 工作以后，我的消费水平显著提高了！
每月挡费高达原本的175倍
[热卖] 
2023-12-19 13:08:24,308 - INFO - 已获取用户 池面烧酒 的微博，内容为 成长导师小熊维尼～ 
2023-12-19 13:08:24,309 - INFO - 已获取用户 池面烧酒 的微博，内容为 这两天没有上网冲浪，错过毒女友开票…
慢收一张 Poison Girl Friend
 
2023-12-19 13:08:24,309 - INFO - ------------------------------已获取池面烧酒(5540415892)的第3页微博------------------------------
2023-12-19 13:08:33,682 - INFO - 已获取用户 池面烧酒 的微博，内容为 Share with pics 
2023-12-19 13:08:33,684 - INFO - 已获取用户 池面烧酒 的微博，内容为 秋天的学林街是最美[落叶] 
2023-12-19 13:08:33,684 - INFO - ------------------------------已获取池面烧酒(5540415892)的第4页微博------------------------------
2023-12-19 13:08:34,045 - INFO - 已获取用户 池面烧酒 的微博，内容为 11月要结束了 
2023-12-19 13:08:34,045 - INFO - 已获取用户 池面烧酒 的微博，内容为 回忆起那晚的江边，似乎格外浪漫。
因为是第一次去的缘故吗？
还是因为被定格的那刻，太多的完成还未发生？
不小心成为背景的你们，
我好像也变成你们的背景了。 
2023-12-19 13:08:34,046 - INFO - ------------------------------已获取池面烧酒(5540415892)的第5页微博------------------------------
2023-12-19 13:08:43,402 - INFO - ------------------------------已获取池面烧酒(5540415892)的第6页微博------------------------------
2023-12-19 13:08:43,776 - INFO - 已获取用户 池面烧酒 的微博，内容为 “两亿年前的地球已经长满了植物，但你要知道，几千万年后才诞生第一朵花。” 
2023-12-19 13:08:43,777 - INFO - 已获取用户 池面烧酒 的微博，内容为 分心 
2023-12-19 13:08:43,777 - INFO - ------------------------------已获取池面烧酒(5540415892)的第7页微博------------------------------
2023-12-19 13:08:54,131 - INFO - 已获取用户 池面烧酒 的微博，内容为 时隔一周，本机主回来了
 
2023-12-19 13:08:54,132 - INFO - 已获取用户 池面烧酒 的微博，内容为 兔兔好可爱 所以没有一口吃掉
 
2023-12-19 13:08:54,132 - INFO - ------------------------------已获取池面烧酒(5540415892)的第8页微博------------------------------
2023-12-19 13:09:00,535 - INFO - 已获取用户 池面烧酒 的微博，内容为 充绒间，阳光里漂浮着白色羽毛。童年后，再没注意过的蒲公英，哪一刻落在了地上。属于女工的现实，梦来自女孩。 
2023-12-19 13:09:00,536 - INFO - 已获取用户 池面烧酒 的微博，内容为 小镇日记 
2023-12-19 13:09:00,536 - INFO - ------------------------------已获取池面烧酒(5540415892)的第9页微博------------------------------
2023-12-19 13:09:00,888 - INFO - 已获取用户 池面烧酒 的微博，内容为 冷冷的天气，许多人戴着口罩，恍惚间好像回到了上一个冬天，上上个冬天，上上上个冬天。 
2023-12-19 13:09:00,890 - INFO - ------------------------------已获取池面烧酒(5540415892)的第10页微博------------------------------
2023-12-19 13:09:01,318 - INFO - 已获取用户 池面烧酒 的微博，内容为 这两天的麦当劳碎片 
2023-12-19 13:09:01,319 - INFO - 已获取用户 池面烧酒 的微博，内容为 呜呜呜 幸福鼠了[自抱] 
2023-12-19 13:09:01,319 - INFO - ------------------------------已获取池面烧酒(5540415892)的第11页微博------------------------------
2023-12-19 13:09:01,831 - INFO - 已获取用户 池面烧酒 的微博，内容为 伟大的心以散布自己纷乱的心情为耻。 
2023-12-19 13:09:01,831 - INFO - 已获取用户 池面烧酒 的微博，内容为 即時即興 
2023-12-19 13:09:01,831 - INFO - 已获取用户 池面烧酒 的微博，内容为 后来我发现，曾经以为无法替代的风景，原来随处可见。
秋风叶落的场景，无法再唤起我的秋思。和上个秋天相似的秋天里，可以等待下一个秋天。
当不再把我的存在看得重要，我终于成为了重要的存在。 
2023-12-19 13:09:01,832 - INFO - ------------------------------已获取池面烧酒(5540415892)的第12页微博------------------------------
2023-12-19 13:09:08,212 - INFO - ------------------------------已获取池面烧酒(5540415892)的第13页微博------------------------------
2023-12-19 13:09:08,597 - INFO - 已获取用户 池面烧酒 的微博，内容为 #radwimps# 谢谢！难忘的夜晚 我很幸福了 
2023-12-19 13:09:08,598 - INFO - ------------------------------已获取池面烧酒(5540415892)的第14页微博------------------------------
2023-12-19 13:09:09,034 - INFO - 已获取用户 池面烧酒 的微博，内容为 Share with pics 
2023-12-19 13:09:09,034 - INFO - ------------------------------已获取池面烧酒(5540415892)的第15页微博------------------------------
2023-12-19 13:09:09,413 - INFO - 已获取用户 池面烧酒 的微博，内容为 小舟从此逝，江海寄余生。 
2023-12-19 13:09:09,414 - INFO - 已获取用户 池面烧酒 的微博，内容为 下雨了。
是月亮在哭泣 
2023-12-19 13:09:09,414 - INFO - 已获取用户 池面烧酒 的微博，内容为 森林的素颜 
日照·日照海滨国家森林公园
 
2023-12-19 13:09:09,414 - INFO - ------------------------------已获取池面烧酒(5540415892)的第16页微博------------------------------
2023-12-19 13:09:09,784 - INFO - 已获取用户 池面烧酒 的微博，内容为 日照日照 
2023-12-19 13:09:09,785 - INFO - 已获取用户 池面烧酒 的微博，内容为 
2023-12-19 13:09:09,785 - INFO - 已获取用户 池面烧酒 的微博，内容为  o me de tou 
2023-12-19 13:09:09,785 - INFO - 已获取用户 池面烧酒 的微博，内容为 
2023-12-19 13:09:09,786 - INFO - ------------------------------已获取池面烧酒(5540415892)的第17页微博------------------------------
2023-12-19 13:09:16,124 - INFO - ------------------------------已获取池面烧酒(5540415892)的第18页微博------------------------------
2023-12-19 13:09:16,447 - INFO - ------------------------------已获取池面烧酒(5540415892)的第19页微博------------------------------
2023-12-19 13:09:16,450 - INFO - 44条微博写入csv文件完毕,保存路径:
2023-12-19 13:09:16,450 - INFO - C:\Users\chengyi.luo\Desktop\weibo-crawler\weibo\池面烧酒\5540415892.csv
2023-12-19 13:09:16,450 - INFO - 即将进行原创微博图片下载
2023-12-19 13:10:06,766 - INFO - 原创微博图片下载完毕,保存路径:
2023-12-19 13:10:06,766 - INFO - C:\Users\chengyi.luo\Desktop\weibo-crawler\weibo\池面烧酒\img\原创微博图片
2023-12-19 13:10:06,767 - INFO - 即将进行原创微博视频下载
2023-12-19 13:10:58,989 - INFO - 原创微博视频下载完毕,保存路径:
2023-12-19 13:10:58,989 - INFO - C:\Users\chengyi.luo\Desktop\weibo-crawler\weibo\池面烧酒\video\原创微博视频
2023-12-19 13:10:58,990 - INFO - 即将进行转发微博图片下载
2023-12-19 13:10:59,264 - INFO - 转发微博图片下载完毕,保存路径:
2023-12-19 13:10:59,264 - INFO - C:\Users\chengyi.luo\Desktop\weibo-crawler\weibo\池面烧酒\img\转发微博图片
2023-12-19 13:10:59,265 - INFO - 微博爬取完成，共爬取44条微博
2023-12-19 13:10:59,265 - INFO - 信息抓取完毕
2023-12-19 13:10:59,265 - INFO - ****************************************************************************************************
